Thu Jun 8 15:06:51 EDT 2017
No changes detected
Mon Nov 27 14:44:14 EST 2017
Migrations for 'id_generate':
  id_generate/migrations/0002_auto_20171127_1444.py
    - Remove field nucleic_acid_type from jaxiddetail
    - Remove field project_code from jaxiddetail
    - Remove field sample_type from jaxiddetail
    - Remove field sequencing_type from jaxiddetail
    - Delete model JAXIdDetail
Operations to perform:
  Apply all migrations: admin, auth, contenttypes, id_generate, sessions
Running migrations:
  Applying id_generate.0002_auto_20171127_1444... OK
Mon Nov 27 14:49:31 EST 2017
Migrations for 'id_generate':
  id_generate/migrations/0003_jaxiddetail.py
    - Create model JAXIdDetail
Operations to perform:
  Apply all migrations: admin, auth, contenttypes, id_generate, sessions
Running migrations:
  Applying id_generate.0003_jaxiddetail... OK
Thu Jan 25 15:43:55 EST 2018
Migrations for 'id_generate':
  id_generate/migrations/0005_auto_20180125_1543.py
    - Create model BoxId
    - Alter field jaxid on jaxiddetail
Operations to perform:
  Apply all migrations: admin, auth, contenttypes, id_generate, sessions
Running migrations:
  Applying id_generate.0004_auto_20180118_1623... OK
  Applying id_generate.0005_auto_20180125_1543...Thu Jan 25 15:49:17 EST 2018
No changes detected
Thu Jan 25 15:55:42 EST 2018
No changes detected
Tue Jan 30 13:34:46 EST 2018
Migrations for 'id_generate':
  id_generate/migrations/0007_auto_20180130_1334.py
    - Change Meta options on boxid
Operations to perform:
  Apply all migrations: admin, auth, contenttypes, id_generate, sessions
Running migrations:
  Applying id_generate.0006_boxid...Tue Jan 30 13:52:34 EST 2018
Did you rename boxid.seq_type to boxid.sequencing_type (a ForeignKey)? [y/N] You are trying to add a non-nullable field 'sequencing_type' to boxid without a default; we can't do that (the database needs something to populate existing rows).
Please select a fix:
 1) Provide a one-off default now (will be set on all existing rows with a null value for this column)
 2) Quit, and let me add a default in models.py
Select an option: Wed Jan 31 11:25:45 EST 2018
Migrations for 'id_generate':
  id_generate/migrations/0011_auto_20180131_1125.py
    - Alter field jaxid on boxid
    - Alter field nucleic_acid_type on boxid
    - Alter field project_code on boxid
    - Alter field sample_type on boxid
    - Alter field sequencing_type on boxid
Operations to perform:
  Apply all migrations: admin, auth, contenttypes, id_generate, sessions
Running migrations:
  Applying id_generate.0010_auto_20180131_0957...